<?xml version="1.0" encoding="UTF-8"?>
<!-- Generated by org.testng.reporters.JUnitXMLReporter -->
<testsuite hostname="DESKTOP-NH7DCM2" ignored="0" name="Default test" tests="3" failures="0" timestamp="14 Feb 2019 12:39:07 GMT" time="23.885" errors="0">
  <testcase name="validLoginTest" time="5.568" classname="com.training.sanity.tests.AddNewCatTests"/>
  <testcase name="publishCatgTest" time="5.296" classname="com.training.sanity.tests.AddNewCatTests"/>
  <testcase name="catgValidation" time="0.106" classname="com.training.sanity.tests.AddNewCatTests"/>
</testsuite> <!-- Default test -->
